# JRE version: Java(TM) SE Runtime Environment (17.0.10+11) (build 17.0.10+11-LTS-240)
# Java VM: Java HotSpot(TM) 64-Bit Server VM (17.0.10+11-LTS-240, mixed mode, sharing, tiered, compressed oops, compressed class ptrs, g1 gc, windows-amd64)
GC Precious Log:
 CPUs: 12 total, 12 available
 Memory: 16095M
 Large Page Support: Disabled
 NUMA Support: Disabled
 Compressed Oops: Enabled (Zero based)
 Heap Region Size: 2M
 Heap Min Capacity: 8M
 Heap Initial Capacity: 252M
 Heap Max Capacity: 4024M
 Pre-touch: Disabled
 Parallel Workers: 10
 Concurrent Workers: 3
 Concurrent Refinement Workers: 10
 Periodic GC: Disabled
Heap:
 garbage-first heap   total 110592K, used 58560K [0x0000000704800000, 0x0000000800000000)
  region size 2048K, 16 young (32768K), 3 survivors (6144K)
 Metaspace       used 86352K, committed 87296K, reserved 1179648K
  class space    used 11343K, committed 11840K, reserved 1048576K
GC Heap History (20 events):
Event: 2414.123 GC heap before
{Heap before GC invocations=59 (full 2):
 garbage-first heap   total 112640K, used 88222K [0x0000000704800000, 0x0000000800000000)
  region size 2048K, 22 young (45056K), 1 survivors (2048K)
 Metaspace       used 85236K, committed 86080K, reserved 1179648K
  class space    used 11323K, committed 11712K, reserved 1048576K
}
Event: 2414.132 GC heap after
{Heap after GC invocations=60 (full 2):
 garbage-first heap   total 112640K, used 45778K [0x0000000704800000, 0x0000000800000000)
  region size 2048K, 2 young (4096K), 2 survivors (4096K)
 Metaspace       used 85236K, committed 86080K, reserved 1179648K
  class space    used 11323K, committed 11712K, reserved 1048576K
}
Event: 3069.924 GC heap before
{Heap before GC invocations=60 (full 2):
 garbage-first heap   total 112640K, used 88786K [0x0000000704800000, 0x0000000800000000)
  region size 2048K, 23 young (47104K), 2 survivors (4096K)
 Metaspace       used 85732K, committed 86592K, reserved 1179648K
  class space    used 11377K, committed 11776K, reserved 1048576K
}
Event: 3069.927 GC heap after
{Heap after GC invocations=61 (full 2):
 garbage-first heap   total 112640K, used 46236K [0x0000000704800000, 0x0000000800000000)
  region size 2048K, 2 young (4096K), 2 survivors (4096K)
 Metaspace       used 85732K, committed 86592K, reserved 1179648K
  class space    used 11377K, committed 11776K, reserved 1048576K
}
Event: 3712.240 GC heap before
{Heap before GC invocations=61 (full 2):
 garbage-first heap   total 112640K, used 89244K [0x0000000704800000, 0x0000000800000000)
  region size 2048K, 23 young (47104K), 2 survivors (4096K)
 Metaspace       used 85861K, committed 86720K, reserved 1179648K
  class space    used 11379K, committed 11776K, reserved 1048576K
}
Event: 3712.245 GC heap after
{Heap after GC invocations=62 (full 2):
 garbage-first heap   total 112640K, used 46658K [0x0000000704800000, 0x0000000800000000)
  region size 2048K, 2 young (4096K), 2 survivors (4096K)
 Metaspace       used 85861K, committed 86720K, reserved 1179648K
  class space    used 11379K, committed 11776K, reserved 1048576K
}
Event: 4395.249 GC heap before
{Heap before GC invocations=62 (full 2):
 garbage-first heap   total 112640K, used 89666K [0x0000000704800000, 0x0000000800000000)
  region size 2048K, 23 young (47104K), 2 survivors (4096K)
 Metaspace       used 86089K, committed 87040K, reserved 1179648K
  class space    used 11395K, committed 11840K, reserved 1048576K
}
Event: 4395.254 GC heap after
{Heap after GC invocations=63 (full 2):
 garbage-first heap   total 112640K, used 46710K [0x0000000704800000, 0x0000000800000000)
  region size 2048K, 2 young (4096K), 2 survivors (4096K)
 Metaspace       used 86089K, committed 87040K, reserved 1179648K
  class space    used 11395K, committed 11840K, reserved 1048576K
}
Event: 5091.345 GC heap before
{Heap before GC invocations=63 (full 2):
 garbage-first heap   total 112640K, used 91766K [0x0000000704800000, 0x0000000800000000)
  region size 2048K, 24 young (49152K), 2 survivors (4096K)
 Metaspace       used 86124K, committed 87040K, reserved 1179648K
  class space    used 11395K, committed 11840K, reserved 1048576K
}
Event: 5091.380 GC heap after
{Heap after GC invocations=64 (full 2):
 garbage-first heap   total 112640K, used 46693K [0x0000000704800000, 0x0000000800000000)
  region size 2048K, 2 young (4096K), 2 survivors (4096K)
 Metaspace       used 86124K, committed 87040K, reserved 1179648K
  class space    used 11395K, committed 11840K, reserved 1048576K
}
Event: 8480.962 GC heap before
{Heap before GC invocations=64 (full 2):
 garbage-first heap   total 112640K, used 91749K [0x0000000704800000, 0x0000000800000000)
  region size 2048K, 24 young (49152K), 2 survivors (4096K)
 Metaspace       used 86250K, committed 87168K, reserved 1179648K
  class space    used 11395K, committed 11840K, reserved 1048576K
}
Event: 8480.970 GC heap after
{Heap after GC invocations=65 (full 2):
 garbage-first heap   total 112640K, used 46916K [0x0000000704800000, 0x0000000800000000)
  region size 2048K, 2 young (4096K), 2 survivors (4096K)
 Metaspace       used 86250K, committed 87168K, reserved 1179648K
  class space    used 11395K, committed 11840K, reserved 1048576K
}
Event: 9245.509 GC heap before
{Heap before GC invocations=65 (full 2):
 garbage-first heap   total 112640K, used 91972K [0x0000000704800000, 0x0000000800000000)
  region size 2048K, 24 young (49152K), 2 survivors (4096K)
 Metaspace       used 86270K, committed 87232K, reserved 1179648K
  class space    used 11396K, committed 11840K, reserved 1048576K
}
Event: 9245.540 GC heap after
{Heap after GC invocations=66 (full 2):
 garbage-first heap   total 112640K, used 46497K [0x0000000704800000, 0x0000000800000000)
  region size 2048K, 2 young (4096K), 2 survivors (4096K)
 Metaspace       used 86270K, committed 87232K, reserved 1179648K
  class space    used 11396K, committed 11840K, reserved 1048576K
}
Event: 9976.436 GC heap before
{Heap before GC invocations=66 (full 2):
 garbage-first heap   total 112640K, used 89505K [0x0000000704800000, 0x0000000800000000)
  region size 2048K, 23 young (47104K), 2 survivors (4096K)
 Metaspace       used 86287K, committed 87232K, reserved 1179648K
  class space    used 11396K, committed 11840K, reserved 1048576K
}
Event: 9976.440 GC heap after
{Heap after GC invocations=67 (full 2):
 garbage-first heap   total 112640K, used 46448K [0x0000000704800000, 0x0000000800000000)
  region size 2048K, 2 young (4096K), 2 survivors (4096K)
 Metaspace       used 86287K, committed 87232K, reserved 1179648K
  class space    used 11396K, committed 11840K, reserved 1048576K
}
Event: 10583.209 GC heap before
{Heap before GC invocations=67 (full 2):
 garbage-first heap   total 112640K, used 81264K [0x0000000704800000, 0x0000000800000000)
  region size 2048K, 20 young (40960K), 2 survivors (4096K)
 Metaspace       used 86307K, committed 87232K, reserved 1179648K
  class space    used 11396K, committed 11840K, reserved 1048576K
}
Event: 10586.398 GC heap after
{Heap after GC invocations=68 (full 3):
 garbage-first heap   total 110592K, used 28112K [0x0000000704800000, 0x0000000800000000)
  region size 2048K, 0 young (0K), 0 survivors (0K)
 Metaspace       used 85705K, committed 87232K, reserved 1179648K
  class space    used 11262K, committed 11840K, reserved 1048576K
}
Event: 10596.633 GC heap before
{Heap before GC invocations=68 (full 3):
 garbage-first heap   total 110592K, used 89552K [0x0000000704800000, 0x0000000800000000)
  region size 2048K, 30 young (61440K), 0 survivors (0K)
 Metaspace       used 86264K, committed 87296K, reserved 1179648K
  class space    used 11335K, committed 11840K, reserved 1048576K
}
Event: 10596.746 GC heap after
{Heap after GC invocations=69 (full 3):
 garbage-first heap   total 110592K, used 33984K [0x0000000704800000, 0x0000000800000000)
  region size 2048K, 3 young (6144K), 3 survivors (6144K)
 Metaspace       used 86264K, committed 87296K, reserved 1179648K
  class space    used 11335K, committed 11840K, reserved 1048576K
}

